<?xml version="1.0" encoding="UTF-8"?>
<testng-results skipped="0" failed="0" total="3" passed="3">
  <reporter-output>
  </reporter-output>
  <suite name="Test Suite" duration-ms="47718" started-at="2018-09-01T00:16:59Z" finished-at="2018-09-01T00:17:46Z">
    <groups>
    </groups>
    <test name="TestSample" duration-ms="47718" started-at="2018-09-01T00:16:59Z" finished-at="2018-09-01T00:17:46Z">
      <class name="com.poj.Obj">
        <test-method status="PASS" signature="open()[pri:0, instance:com.poj.Obj@d70c109]" name="open" is-config="true" duration-ms="9052" started-at="2018-09-01T08:16:59Z" finished-at="2018-09-01T08:17:08Z">
          <reporter-output>
          </reporter-output>
        </test-method> <!-- open -->
        <test-method status="PASS" signature="VerifyInvalidLogin(java.lang.String, java.lang.String)[pri:0, instance:com.poj.Obj@d70c109]" name="VerifyInvalidLogin" duration-ms="19448" started-at="2018-09-01T08:17:08Z" data-provider="empLogin" finished-at="2018-09-01T08:17:28Z">
          <params>
            <param index="0">
              <value>
                <![CDATA[srinu]]>
              </value>
            </param>
            <param index="1">
              <value>
                <![CDATA[kala]]>
              </value>
            </param>
          </params>
          <reporter-output>
          </reporter-output>
        </test-method> <!-- VerifyInvalidLogin -->
        <test-method status="PASS" signature="VerifyInvalidLogin(java.lang.String, java.lang.String)[pri:0, instance:com.poj.Obj@d70c109]" name="VerifyInvalidLogin" duration-ms="17545" started-at="2018-09-01T08:17:28Z" data-provider="empLogin" finished-at="2018-09-01T08:17:45Z">
          <params>
            <param index="0">
              <value>
                <![CDATA[rama]]>
              </value>
            </param>
            <param index="1">
              <value>
                <![CDATA[hga]]>
              </value>
            </param>
          </params>
          <reporter-output>
          </reporter-output>
        </test-method> <!-- VerifyInvalidLogin -->
        <test-method status="PASS" signature="tearDown()[pri:0, instance:com.poj.Obj@d70c109]" name="tearDown" duration-ms="1236" started-at="2018-09-01T08:17:45Z" finished-at="2018-09-01T08:17:46Z">
          <reporter-output>
          </reporter-output>
        </test-method> <!-- tearDown -->
      </class> <!-- com.poj.Obj -->
    </test> <!-- TestSample -->
  </suite> <!-- Test Suite -->
</testng-results>
