<?xml version="1.0" encoding="UTF-8"?>
<!-- Generated by org.testng.reporters.JUnitXMLReporter -->
<testsuite hostname="srinivas-HP" name="Default test" tests="3" failures="0" timestamp="1 Sep 2018 00:16:56 GMT" time="43.882" errors="0">
  <testcase name="VerifyInvalidLogin" time="20.172" classname="com.poj.Obj"/>
  <testcase name="VerifyInvalidLogin" time="11.988" classname="com.poj.Obj"/>
  <testcase name="tearDown" time="1.075" classname="com.poj.Obj"/>
</testsuite> <!-- Default test -->
