<?xml version="1.0" encoding="UTF-8"?>
<!-- Generated by org.testng.reporters.JUnitXMLReporter -->
<testsuite hostname="srinivas-HP" name="Default test" tests="3" failures="0" timestamp="31 Aug 2018 05:13:47 GMT" time="28.02" errors="0">
  <testcase name="VerifyInvalidLogin" time="12.502" classname="com.poj.Obj"/>
  <testcase name="VerifyInvalidLogin" time="8.104" classname="com.poj.Obj"/>
  <testcase name="tearDown" time="0.619" classname="com.poj.Obj"/>
</testsuite> <!-- Default test -->
